*** Starting uWSGI 2.0.12-debian (64bit) on [Thu Jul 13 03:57:48 2017] ***
compiled with version: 5.3.1 20160412 on 13 April 2016 08:36:06
os: Linux-4.4.0-64-generic #85-Ubuntu SMP Mon Feb 20 11:50:30 UTC 2017
nodename: ip-172-31-29-136
machine: x86_64
clock source: unix
pcre jit disabled
detected number of CPU cores: 1
current working directory: /home/ubuntu/folio
detected binary path: /usr/bin/uwsgi-core
your processes number limit is 3906
your memory page size is 4096 bytes
detected max file descriptor number: 1024
lock engine: pthread robust mutexes
thunder lock: disabled (you can enable it with --thunder-lock)
uwsgi socket 0 bound to UNIX address /home/ubuntu/folio/app.sock fd 3
your server socket listen backlog is limited to 100 connections
your mercy for graceful operations on workers is 60 seconds
mapped 363840 bytes (355 KB) for 4 cores
*** Operational MODE: preforking ***
*** no app loaded. going in full dynamic mode ***
*** uWSGI is running in multiple interpreter mode ***
!!!!!!!!!!!!!! WARNING !!!!!!!!!!!!!!
no request plugin is loaded, you will not be able to manage requests.
you may need to install the package for your language of choice, or simply load it with --plugin.
!!!!!!!!!!! END OF WARNING !!!!!!!!!!
spawned uWSGI master process (pid: 8332)
spawned uWSGI worker 1 (pid: 8333, cores: 1)
spawned uWSGI worker 2 (pid: 8334, cores: 1)
spawned uWSGI worker 3 (pid: 8335, cores: 1)
spawned uWSGI worker 4 (pid: 8336, cores: 1)
*** Starting uWSGI 2.0.12-debian (64bit) on [Thu Jul 13 03:59:31 2017] ***
compiled with version: 5.3.1 20160412 on 13 April 2016 08:36:06
os: Linux-4.4.0-64-generic #85-Ubuntu SMP Mon Feb 20 11:50:30 UTC 2017
nodename: ip-172-31-29-136
machine: x86_64
clock source: unix
pcre jit disabled
detected number of CPU cores: 1
current working directory: /home/ubuntu/folio
detected binary path: /usr/bin/uwsgi-core
your processes number limit is 3906
your memory page size is 4096 bytes
detected max file descriptor number: 1024
lock engine: pthread robust mutexes
thunder lock: disabled (you can enable it with --thunder-lock)
uwsgi socket 0 bound to UNIX address /home/ubuntu/folio/app.sock fd 3
your server socket listen backlog is limited to 100 connections
your mercy for graceful operations on workers is 60 seconds
mapped 363840 bytes (355 KB) for 4 cores
*** Operational MODE: preforking ***
*** no app loaded. going in full dynamic mode ***
*** uWSGI is running in multiple interpreter mode ***
!!!!!!!!!!!!!! WARNING !!!!!!!!!!!!!!
no request plugin is loaded, you will not be able to manage requests.
you may need to install the package for your language of choice, or simply load it with --plugin.
!!!!!!!!!!! END OF WARNING !!!!!!!!!!
spawned uWSGI master process (pid: 8362)
spawned uWSGI worker 1 (pid: 8363, cores: 1)
spawned uWSGI worker 2 (pid: 8364, cores: 1)
spawned uWSGI worker 3 (pid: 8365, cores: 1)
spawned uWSGI worker 4 (pid: 8366, cores: 1)
*** Starting uWSGI 2.0.12-debian (64bit) on [Thu Jul 13 04:05:05 2017] ***
compiled with version: 5.3.1 20160412 on 13 April 2016 08:36:06
os: Linux-4.4.0-64-generic #85-Ubuntu SMP Mon Feb 20 11:50:30 UTC 2017
nodename: ip-172-31-29-136
machine: x86_64
clock source: unix
pcre jit disabled
detected number of CPU cores: 1
current working directory: /home/ubuntu/folio
detected binary path: /usr/bin/uwsgi-core
your processes number limit is 3906
your memory page size is 4096 bytes
detected max file descriptor number: 1024
lock engine: pthread robust mutexes
thunder lock: disabled (you can enable it with --thunder-lock)
uwsgi socket 0 bound to UNIX address /home/ubuntu/folio/app.sock fd 3
your server socket listen backlog is limited to 100 connections
your mercy for graceful operations on workers is 60 seconds
mapped 363840 bytes (355 KB) for 4 cores
*** Operational MODE: preforking ***
*** no app loaded. going in full dynamic mode ***
*** uWSGI is running in multiple interpreter mode ***
!!!!!!!!!!!!!! WARNING !!!!!!!!!!!!!!
no request plugin is loaded, you will not be able to manage requests.
you may need to install the package for your language of choice, or simply load it with --plugin.
!!!!!!!!!!! END OF WARNING !!!!!!!!!!
spawned uWSGI master process (pid: 8496)
spawned uWSGI worker 1 (pid: 8497, cores: 1)
spawned uWSGI worker 2 (pid: 8498, cores: 1)
spawned uWSGI worker 3 (pid: 8499, cores: 1)
spawned uWSGI worker 4 (pid: 8500, cores: 1)
-- unavailable modifier requested: 0 --
-- unavailable modifier requested: 0 --
-- unavailable modifier requested: 0 --
-- unavailable modifier requested: 0 --
-- unavailable modifier requested: 0 --
*** Starting uWSGI 2.0.12-debian (64bit) on [Thu Jul 13 04:07:06 2017] ***
compiled with version: 5.3.1 20160412 on 13 April 2016 08:36:06
os: Linux-4.4.0-64-generic #85-Ubuntu SMP Mon Feb 20 11:50:30 UTC 2017
nodename: ip-172-31-29-136
machine: x86_64
clock source: unix
pcre jit disabled
detected number of CPU cores: 1
current working directory: /home/ubuntu/folio
detected binary path: /usr/bin/uwsgi-core
your processes number limit is 3906
your memory page size is 4096 bytes
detected max file descriptor number: 1024
lock engine: pthread robust mutexes
thunder lock: disabled (you can enable it with --thunder-lock)
uwsgi socket 0 bound to UNIX address /home/ubuntu/folio/app.sock fd 3
your server socket listen backlog is limited to 100 connections
your mercy for graceful operations on workers is 60 seconds
mapped 363840 bytes (355 KB) for 4 cores
*** Operational MODE: preforking ***
*** no app loaded. going in full dynamic mode ***
*** uWSGI is running in multiple interpreter mode ***
!!!!!!!!!!!!!! WARNING !!!!!!!!!!!!!!
no request plugin is loaded, you will not be able to manage requests.
you may need to install the package for your language of choice, or simply load it with --plugin.
!!!!!!!!!!! END OF WARNING !!!!!!!!!!
spawned uWSGI master process (pid: 8540)
spawned uWSGI worker 1 (pid: 8541, cores: 1)
spawned uWSGI worker 2 (pid: 8542, cores: 1)
spawned uWSGI worker 3 (pid: 8543, cores: 1)
spawned uWSGI worker 4 (pid: 8544, cores: 1)
-- unavailable modifier requested: 0 --
*** Starting uWSGI 2.0.12-debian (64bit) on [Thu Jul 13 04:08:34 2017] ***
compiled with version: 5.3.1 20160412 on 13 April 2016 08:36:06
os: Linux-4.4.0-64-generic #85-Ubuntu SMP Mon Feb 20 11:50:30 UTC 2017
nodename: ip-172-31-29-136
machine: x86_64
clock source: unix
pcre jit disabled
detected number of CPU cores: 1
current working directory: /home/ubuntu/folio
detected binary path: /usr/bin/uwsgi-core
your processes number limit is 3906
your memory page size is 4096 bytes
detected max file descriptor number: 1024
lock engine: pthread robust mutexes
thunder lock: disabled (you can enable it with --thunder-lock)
uwsgi socket 0 bound to UNIX address /home/ubuntu/folio/app.sock fd 3
your server socket listen backlog is limited to 100 connections
your mercy for graceful operations on workers is 60 seconds
mapped 363840 bytes (355 KB) for 4 cores
*** Operational MODE: preforking ***
*** no app loaded. going in full dynamic mode ***
*** uWSGI is running in multiple interpreter mode ***
!!!!!!!!!!!!!! WARNING !!!!!!!!!!!!!!
no request plugin is loaded, you will not be able to manage requests.
you may need to install the package for your language of choice, or simply load it with --plugin.
!!!!!!!!!!! END OF WARNING !!!!!!!!!!
spawned uWSGI master process (pid: 8843)
spawned uWSGI worker 1 (pid: 8844, cores: 1)
spawned uWSGI worker 2 (pid: 8845, cores: 1)
spawned uWSGI worker 3 (pid: 8846, cores: 1)
spawned uWSGI worker 4 (pid: 8847, cores: 1)
-- unavailable modifier requested: 0 --
-- unavailable modifier requested: 0 --
...brutally killing workers...
...brutally killing workers...
...brutally killing workers...
worker 1 buried after 0 seconds
worker 2 buried after 0 seconds
worker 3 buried after 0 seconds
worker 4 buried after 0 seconds
binary reloading uWSGI...
chdir() to /home/ubuntu/folio
closing all non-uwsgi socket fds > 2 (max_fd = 1024)...
found fd 3 mapped to socket 0 (/home/ubuntu/folio/app.sock)
running /usr/bin/uwsgi-core
[uWSGI] getting INI configuration from uwsgi.ini
*** Starting uWSGI 2.0.12-debian (64bit) on [Thu Jul 13 04:13:58 2017] ***
compiled with version: 5.3.1 20160412 on 13 April 2016 08:36:06
os: Linux-4.4.0-64-generic #85-Ubuntu SMP Mon Feb 20 11:50:30 UTC 2017
nodename: ip-172-31-29-136
machine: x86_64
clock source: unix
pcre jit disabled
detected number of CPU cores: 1
current working directory: /home/ubuntu/folio
detected binary path: /usr/bin/uwsgi-core
your processes number limit is 3906
your memory page size is 4096 bytes
detected max file descriptor number: 1024
lock engine: pthread robust mutexes
thunder lock: disabled (you can enable it with --thunder-lock)
uwsgi socket 0 inherited UNIX address /home/ubuntu/folio/app.sock fd 3
your server socket listen backlog is limited to 100 connections
your mercy for graceful operations on workers is 60 seconds
...brutally killing workers...
...brutally killing workers...
mapped 363840 bytes (355 KB) for 4 cores
*** Operational MODE: preforking ***
*** no app loaded. going in full dynamic mode ***
*** uWSGI is running in multiple interpreter mode ***
!!!!!!!!!!!!!! WARNING !!!!!!!!!!!!!!
no request plugin is loaded, you will not be able to manage requests.
you may need to install the package for your language of choice, or simply load it with --plugin.
!!!!!!!!!!! END OF WARNING !!!!!!!!!!
gracefully (RE)spawned uWSGI master process (pid: 8496)
spawned uWSGI worker 1 (pid: 8881, cores: 1)
spawned uWSGI worker 2 (pid: 8882, cores: 1)
spawned uWSGI worker 3 (pid: 8883, cores: 1)
spawned uWSGI worker 4 (pid: 8884, cores: 1)
worker 1 buried after 1 seconds
worker 2 buried after 1 seconds
worker 3 buried after 1 seconds
worker 4 buried after 1 seconds
binary reloading uWSGI...
chdir() to /home/ubuntu/folio
closing all non-uwsgi socket fds > 2 (max_fd = 1024)...
found fd 3 mapped to socket 0 (/home/ubuntu/folio/app.sock)
running /usr/bin/uwsgi-core
worker 1 buried after 1 seconds
worker 2 buried after 1 seconds
worker 3 buried after 1 seconds
worker 4 buried after 1 seconds
binary reloading uWSGI...
chdir() to /home/ubuntu/folio
closing all non-uwsgi socket fds > 2 (max_fd = 1024)...
found fd 3 mapped to socket 0 (/home/ubuntu/folio/app.sock)
running /usr/bin/uwsgi-core
[uWSGI] getting INI configuration from uwsgi.ini
*** Starting uWSGI 2.0.12-debian (64bit) on [Thu Jul 13 04:13:59 2017] ***
compiled with version: 5.3.1 20160412 on 13 April 2016 08:36:06
os: Linux-4.4.0-64-generic #85-Ubuntu SMP Mon Feb 20 11:50:30 UTC 2017
nodename: ip-172-31-29-136
machine: x86_64
clock source: unix
pcre jit disabled
detected number of CPU cores: 1
current working directory: /home/ubuntu/folio
detected binary path: /usr/bin/uwsgi-core
your processes number limit is 3906
your memory page size is 4096 bytes
detected max file descriptor number: 1024
lock engine: pthread robust mutexes
thunder lock: disabled (you can enable it with --thunder-lock)
uwsgi socket 0 inherited UNIX address /home/ubuntu/folio/app.sock fd 3
your server socket listen backlog is limited to 100 connections
your mercy for graceful operations on workers is 60 seconds
mapped 363840 bytes (355 KB) for 4 cores
*** Operational MODE: preforking ***
*** no app loaded. going in full dynamic mode ***
*** uWSGI is running in multiple interpreter mode ***
!!!!!!!!!!!!!! WARNING !!!!!!!!!!!!!!
no request plugin is loaded, you will not be able to manage requests.
you may need to install the package for your language of choice, or simply load it with --plugin.
!!!!!!!!!!! END OF WARNING !!!!!!!!!!
gracefully (RE)spawned uWSGI master process (pid: 8843)
spawned uWSGI worker 1 (pid: 8973, cores: 1)
[uWSGI] getting INI configuration from uwsgi.ini
*** Starting uWSGI 2.0.12-debian (64bit) on [Thu Jul 13 04:13:59 2017] ***
compiled with version: 5.3.1 20160412 on 13 April 2016 08:36:06
os: Linux-4.4.0-64-generic #85-Ubuntu SMP Mon Feb 20 11:50:30 UTC 2017
nodename: ip-172-31-29-136
machine: x86_64
clock source: unix
pcre jit disabled
detected number of CPU cores: 1
current working directory: /home/ubuntu/folio
detected binary path: /usr/bin/uwsgi-core
your processes number limit is 3906
your memory page size is 4096 bytes
detected max file descriptor number: 1024
lock engine: pthread robust mutexes
thunder lock: disabled (you can enable it with --thunder-lock)
uwsgi socket 0 inherited UNIX address /home/ubuntu/folio/app.sock fd 3
your server socket listen backlog is limited to 100 connections
your mercy for graceful operations on workers is 60 seconds
mapped 363840 bytes (355 KB) for 4 cores
*** Operational MODE: preforking ***
*** no app loaded. going in full dynamic mode ***
*** uWSGI is running in multiple interpreter mode ***
!!!!!!!!!!!!!! WARNING !!!!!!!!!!!!!!
no request plugin is loaded, you will not be able to manage requests.
you may need to install the package for your language of choice, or simply load it with --plugin.
!!!!!!!!!!! END OF WARNING !!!!!!!!!!
gracefully (RE)spawned uWSGI master process (pid: 8540)
spawned uWSGI worker 1 (pid: 8974, cores: 1)
spawned uWSGI worker 2 (pid: 8975, cores: 1)
spawned uWSGI worker 3 (pid: 8976, cores: 1)
spawned uWSGI worker 4 (pid: 8977, cores: 1)
spawned uWSGI worker 2 (pid: 8978, cores: 1)
spawned uWSGI worker 3 (pid: 8979, cores: 1)
spawned uWSGI worker 4 (pid: 8980, cores: 1)
worker 1 buried after 1 seconds
worker 2 buried after 1 seconds
worker 3 buried after 1 seconds
worker 4 buried after 1 seconds
binary reloading uWSGI...
chdir() to /home/ubuntu/folio
closing all non-uwsgi socket fds > 2 (max_fd = 1024)...
found fd 3 mapped to socket 0 (/home/ubuntu/folio/app.sock)
running /usr/bin/uwsgi-core
[uWSGI] getting INI configuration from uwsgi.ini
*** Starting uWSGI 2.0.12-debian (64bit) on [Thu Jul 13 04:13:59 2017] ***
compiled with version: 5.3.1 20160412 on 13 April 2016 08:36:06
os: Linux-4.4.0-64-generic #85-Ubuntu SMP Mon Feb 20 11:50:30 UTC 2017
nodename: ip-172-31-29-136
machine: x86_64
clock source: unix
pcre jit disabled
detected number of CPU cores: 1
current working directory: /home/ubuntu/folio
detected binary path: /usr/bin/uwsgi-core
your processes number limit is 3906
your memory page size is 4096 bytes
detected max file descriptor number: 1024
lock engine: pthread robust mutexes
thunder lock: disabled (you can enable it with --thunder-lock)
uwsgi socket 0 inherited UNIX address /home/ubuntu/folio/app.sock fd 3
your server socket listen backlog is limited to 100 connections
your mercy for graceful operations on workers is 60 seconds
worker 1 buried after 1 seconds
worker 2 buried after 1 seconds
worker 3 buried after 1 seconds
worker 4 buried after 1 seconds
binary reloading uWSGI...
chdir() to /home/ubuntu/folio
closing all non-uwsgi socket fds > 2 (max_fd = 1024)...
found fd 3 mapped to socket 0 (/home/ubuntu/folio/app.sock)
running /usr/bin/uwsgi-core
[uWSGI] getting INI configuration from uwsgi.ini
*** Starting uWSGI 2.0.12-debian (64bit) on [Thu Jul 13 04:13:59 2017] ***
compiled with version: 5.3.1 20160412 on 13 April 2016 08:36:06
os: Linux-4.4.0-64-generic #85-Ubuntu SMP Mon Feb 20 11:50:30 UTC 2017
nodename: ip-172-31-29-136
machine: x86_64
clock source: unix
pcre jit disabled
detected number of CPU cores: 1
current working directory: /home/ubuntu/folio
detected binary path: /usr/bin/uwsgi-core
your processes number limit is 3906
your memory page size is 4096 bytes
detected max file descriptor number: 1024
lock engine: pthread robust mutexes
thunder lock: disabled (you can enable it with --thunder-lock)
uwsgi socket 0 inherited UNIX address /home/ubuntu/folio/app.sock fd 3
your server socket listen backlog is limited to 100 connections
your mercy for graceful operations on workers is 60 seconds
mapped 363840 bytes (355 KB) for 4 cores
*** Operational MODE: preforking ***
*** no app loaded. going in full dynamic mode ***
*** uWSGI is running in multiple interpreter mode ***
!!!!!!!!!!!!!! WARNING !!!!!!!!!!!!!!
no request plugin is loaded, you will not be able to manage requests.
you may need to install the package for your language of choice, or simply load it with --plugin.
!!!!!!!!!!! END OF WARNING !!!!!!!!!!
gracefully (RE)spawned uWSGI master process (pid: 8362)
spawned uWSGI worker 1 (pid: 8981, cores: 1)
spawned uWSGI worker 2 (pid: 8982, cores: 1)
spawned uWSGI worker 3 (pid: 8983, cores: 1)
spawned uWSGI worker 4 (pid: 8984, cores: 1)
mapped 363840 bytes (355 KB) for 4 cores
*** Operational MODE: preforking ***
*** no app loaded. going in full dynamic mode ***
*** uWSGI is running in multiple interpreter mode ***
!!!!!!!!!!!!!! WARNING !!!!!!!!!!!!!!
no request plugin is loaded, you will not be able to manage requests.
you may need to install the package for your language of choice, or simply load it with --plugin.
!!!!!!!!!!! END OF WARNING !!!!!!!!!!
gracefully (RE)spawned uWSGI master process (pid: 8332)
spawned uWSGI worker 1 (pid: 8985, cores: 1)
spawned uWSGI worker 2 (pid: 8986, cores: 1)
spawned uWSGI worker 3 (pid: 8987, cores: 1)
spawned uWSGI worker 4 (pid: 8988, cores: 1)
*** Starting uWSGI 2.0.12-debian (64bit) on [Thu Jul 13 04:16:19 2017] ***
compiled with version: 5.3.1 20160412 on 13 April 2016 08:36:06
os: Linux-4.4.0-64-generic #85-Ubuntu SMP Mon Feb 20 11:50:30 UTC 2017
nodename: ip-172-31-29-136
machine: x86_64
clock source: unix
pcre jit disabled
detected number of CPU cores: 1
current working directory: /home/ubuntu/folio
detected binary path: /usr/bin/uwsgi-core
your processes number limit is 3906
your memory page size is 4096 bytes
detected max file descriptor number: 1024
lock engine: pthread robust mutexes
thunder lock: disabled (you can enable it with --thunder-lock)
uwsgi socket 0 bound to UNIX address /home/ubuntu/folio/app.sock fd 3
your server socket listen backlog is limited to 100 connections
your mercy for graceful operations on workers is 60 seconds
mapped 363840 bytes (355 KB) for 4 cores
*** Operational MODE: preforking ***
*** no app loaded. going in full dynamic mode ***
*** uWSGI is running in multiple interpreter mode ***
!!!!!!!!!!!!!! WARNING !!!!!!!!!!!!!!
no request plugin is loaded, you will not be able to manage requests.
you may need to install the package for your language of choice, or simply load it with --plugin.
!!!!!!!!!!! END OF WARNING !!!!!!!!!!
spawned uWSGI master process (pid: 1357)
spawned uWSGI worker 1 (pid: 1358, cores: 1)
spawned uWSGI worker 2 (pid: 1359, cores: 1)
spawned uWSGI worker 3 (pid: 1360, cores: 1)
spawned uWSGI worker 4 (pid: 1361, cores: 1)
-- unavailable modifier requested: 0 --
-- unavailable modifier requested: 0 --
*** Starting uWSGI 2.0.12-debian (64bit) on [Thu Jul 13 04:18:24 2017] ***
compiled with version: 5.3.1 20160412 on 13 April 2016 08:36:06
os: Linux-4.4.0-64-generic #85-Ubuntu SMP Mon Feb 20 11:50:30 UTC 2017
nodename: ip-172-31-29-136
machine: x86_64
clock source: unix
pcre jit disabled
detected number of CPU cores: 1
current working directory: /home/ubuntu/folio
detected binary path: /usr/bin/uwsgi-core
your processes number limit is 3906
your memory page size is 4096 bytes
detected max file descriptor number: 1024
lock engine: pthread robust mutexes
thunder lock: disabled (you can enable it with --thunder-lock)
uwsgi socket 0 bound to UNIX address /home/ubuntu/folio/app.sock fd 3
your server socket listen backlog is limited to 100 connections
your mercy for graceful operations on workers is 60 seconds
mapped 363840 bytes (355 KB) for 4 cores
*** Operational MODE: preforking ***
*** no app loaded. going in full dynamic mode ***
*** uWSGI is running in multiple interpreter mode ***
!!!!!!!!!!!!!! WARNING !!!!!!!!!!!!!!
no request plugin is loaded, you will not be able to manage requests.
you may need to install the package for your language of choice, or simply load it with --plugin.
!!!!!!!!!!! END OF WARNING !!!!!!!!!!
spawned uWSGI master process (pid: 1449)
spawned uWSGI worker 1 (pid: 1450, cores: 1)
spawned uWSGI worker 2 (pid: 1451, cores: 1)
spawned uWSGI worker 3 (pid: 1452, cores: 1)
spawned uWSGI worker 4 (pid: 1453, cores: 1)
-- unavailable modifier requested: 0 --
*** Starting uWSGI 2.0.12-debian (64bit) on [Thu Jul 13 04:20:20 2017] ***
compiled with version: 5.3.1 20160412 on 13 April 2016 08:36:06
os: Linux-4.4.0-64-generic #85-Ubuntu SMP Mon Feb 20 11:50:30 UTC 2017
nodename: ip-172-31-29-136
machine: x86_64
clock source: unix
pcre jit disabled
detected number of CPU cores: 1
current working directory: /home/ubuntu/folio
detected binary path: /usr/bin/uwsgi-core
your processes number limit is 3906
your memory page size is 4096 bytes
detected max file descriptor number: 1024
lock engine: pthread robust mutexes
thunder lock: disabled (you can enable it with --thunder-lock)
uwsgi socket 0 bound to UNIX address /home/ubuntu/folio/app.sock fd 3
your server socket listen backlog is limited to 100 connections
your mercy for graceful operations on workers is 60 seconds
mapped 363840 bytes (355 KB) for 4 cores
*** Operational MODE: preforking ***
*** no app loaded. going in full dynamic mode ***
*** uWSGI is running in multiple interpreter mode ***
!!!!!!!!!!!!!! WARNING !!!!!!!!!!!!!!
no request plugin is loaded, you will not be able to manage requests.
you may need to install the package for your language of choice, or simply load it with --plugin.
!!!!!!!!!!! END OF WARNING !!!!!!!!!!
spawned uWSGI master process (pid: 1484)
spawned uWSGI worker 1 (pid: 1485, cores: 1)
spawned uWSGI worker 2 (pid: 1486, cores: 1)
spawned uWSGI worker 3 (pid: 1487, cores: 1)
spawned uWSGI worker 4 (pid: 1488, cores: 1)
-- unavailable modifier requested: 0 --
-- unavailable modifier requested: 0 --
-- unavailable modifier requested: 0 --
-- unavailable modifier requested: 0 --
*** Starting uWSGI 2.0.12-debian (64bit) on [Thu Jul 13 04:58:08 2017] ***
compiled with version: 5.3.1 20160412 on 13 April 2016 08:36:06
os: Linux-4.4.0-64-generic #85-Ubuntu SMP Mon Feb 20 11:50:30 UTC 2017
nodename: ip-172-31-29-136
machine: x86_64
clock source: unix
pcre jit disabled
detected number of CPU cores: 1
current working directory: /home/ubuntu/folio
detected binary path: /usr/bin/uwsgi-core
your processes number limit is 3906
your memory page size is 4096 bytes
detected max file descriptor number: 1024
lock engine: pthread robust mutexes
thunder lock: disabled (you can enable it with --thunder-lock)
uwsgi socket 0 bound to UNIX address /home/ubuntu/folio/app.sock fd 3
your server socket listen backlog is limited to 100 connections
your mercy for graceful operations on workers is 60 seconds
mapped 363840 bytes (355 KB) for 4 cores
*** Operational MODE: preforking ***
*** no app loaded. going in full dynamic mode ***
*** uWSGI is running in multiple interpreter mode ***
!!!!!!!!!!!!!! WARNING !!!!!!!!!!!!!!
no request plugin is loaded, you will not be able to manage requests.
you may need to install the package for your language of choice, or simply load it with --plugin.
!!!!!!!!!!! END OF WARNING !!!!!!!!!!
spawned uWSGI master process (pid: 1888)
spawned uWSGI worker 1 (pid: 1889, cores: 1)
spawned uWSGI worker 2 (pid: 1890, cores: 1)
spawned uWSGI worker 3 (pid: 1891, cores: 1)
spawned uWSGI worker 4 (pid: 1892, cores: 1)
...brutally killing workers...
...brutally killing workers...
...brutally killing workers...
worker 1 buried after 0 seconds
worker 2 buried after 0 seconds
worker 3 buried after 0 seconds
worker 4 buried after 0 seconds
binary reloading uWSGI...
chdir() to /home/ubuntu/folio
closing all non-uwsgi socket fds > 2 (max_fd = 1024)...
found fd 3 mapped to socket 0 (/home/ubuntu/folio/app.sock)
running /usr/bin/uwsgi-core
[uWSGI] getting INI configuration from uwsgi.ini
*** Starting uWSGI 2.0.12-debian (64bit) on [Thu Jul 13 04:58:24 2017] ***
compiled with version: 5.3.1 20160412 on 13 April 2016 08:36:06
os: Linux-4.4.0-64-generic #85-Ubuntu SMP Mon Feb 20 11:50:30 UTC 2017
nodename: ip-172-31-29-136
machine: x86_64
clock source: unix
pcre jit disabled
detected number of CPU cores: 1
current working directory: /home/ubuntu/folio
detected binary path: /usr/bin/uwsgi-core
your processes number limit is 3906
your memory page size is 4096 bytes
detected max file descriptor number: 1024
lock engine: pthread robust mutexes
thunder lock: disabled (you can enable it with --thunder-lock)
...brutally killing workers...
uwsgi socket 0 inherited UNIX address /home/ubuntu/folio/app.sock fd 3
your server socket listen backlog is limited to 100 connections
your mercy for graceful operations on workers is 60 seconds
mapped 363840 bytes (355 KB) for 4 cores
*** Operational MODE: preforking ***
*** no app loaded. going in full dynamic mode ***
*** uWSGI is running in multiple interpreter mode ***
!!!!!!!!!!!!!! WARNING !!!!!!!!!!!!!!
no request plugin is loaded, you will not be able to manage requests.
you may need to install the package for your language of choice, or simply load it with --plugin.
!!!!!!!!!!! END OF WARNING !!!!!!!!!!
gracefully (RE)spawned uWSGI master process (pid: 1357)
spawned uWSGI worker 1 (pid: 1900, cores: 1)
spawned uWSGI worker 2 (pid: 1901, cores: 1)
spawned uWSGI worker 3 (pid: 1902, cores: 1)
spawned uWSGI worker 4 (pid: 1903, cores: 1)
worker 1 buried after 1 seconds
worker 2 buried after 1 seconds
worker 3 buried after 1 seconds
worker 4 buried after 1 seconds
binary reloading uWSGI...
chdir() to /home/ubuntu/folio
closing all non-uwsgi socket fds > 2 (max_fd = 1024)...
found fd 3 mapped to socket 0 (/home/ubuntu/folio/app.sock)
running /usr/bin/uwsgi-core
worker 1 buried after 1 seconds
worker 2 buried after 1 seconds
worker 3 buried after 1 seconds
worker 4 buried after 1 seconds
binary reloading uWSGI...
chdir() to /home/ubuntu/folio
closing all non-uwsgi socket fds > 2 (max_fd = 1024)...
found fd 3 mapped to socket 0 (/home/ubuntu/folio/app.sock)
running /usr/bin/uwsgi-core
[uWSGI] getting INI configuration from uwsgi.ini
*** Starting uWSGI 2.0.12-debian (64bit) on [Thu Jul 13 04:58:25 2017] ***
compiled with version: 5.3.1 20160412 on 13 April 2016 08:36:06
os: Linux-4.4.0-64-generic #85-Ubuntu SMP Mon Feb 20 11:50:30 UTC 2017
nodename: ip-172-31-29-136
machine: x86_64
clock source: unix
pcre jit disabled
detected number of CPU cores: 1
current working directory: /home/ubuntu/folio
detected binary path: /usr/bin/uwsgi-core
your processes number limit is 3906
your memory page size is 4096 bytes
detected max file descriptor number: 1024
lock engine: pthread robust mutexes
thunder lock: disabled (you can enable it with --thunder-lock)
uwsgi socket 0 inherited UNIX address /home/ubuntu/folio/app.sock fd 3
your server socket listen backlog is limited to 100 connections
your mercy for graceful operations on workers is 60 seconds
mapped 363840 bytes (355 KB) for 4 cores
*** Operational MODE: preforking ***
*** no app loaded. going in full dynamic mode ***
*** uWSGI is running in multiple interpreter mode ***
!!!!!!!!!!!!!! WARNING !!!!!!!!!!!!!!
no request plugin is loaded, you will not be able to manage requests.
you may need to install the package for your language of choice, or simply load it with --plugin.
!!!!!!!!!!! END OF WARNING !!!!!!!!!!
gracefully (RE)spawned uWSGI master process (pid: 1449)
spawned uWSGI worker 1 (pid: 2014, cores: 1)
spawned uWSGI worker 2 (pid: 2015, cores: 1)
spawned uWSGI worker 3 (pid: 2016, cores: 1)
spawned uWSGI worker 4 (pid: 2017, cores: 1)
[uWSGI] getting INI configuration from uwsgi.ini
*** Starting uWSGI 2.0.12-debian (64bit) on [Thu Jul 13 04:58:25 2017] ***
compiled with version: 5.3.1 20160412 on 13 April 2016 08:36:06
os: Linux-4.4.0-64-generic #85-Ubuntu SMP Mon Feb 20 11:50:30 UTC 2017
nodename: ip-172-31-29-136
machine: x86_64
clock source: unix
pcre jit disabled
detected number of CPU cores: 1
current working directory: /home/ubuntu/folio
detected binary path: /usr/bin/uwsgi-core
your processes number limit is 3906
your memory page size is 4096 bytes
detected max file descriptor number: 1024
lock engine: pthread robust mutexes
thunder lock: disabled (you can enable it with --thunder-lock)
uwsgi socket 0 inherited UNIX address /home/ubuntu/folio/app.sock fd 3
your server socket listen backlog is limited to 100 connections
your mercy for graceful operations on workers is 60 seconds
mapped 363840 bytes (355 KB) for 4 cores
*** Operational MODE: preforking ***
*** no app loaded. going in full dynamic mode ***
*** uWSGI is running in multiple interpreter mode ***
!!!!!!!!!!!!!! WARNING !!!!!!!!!!!!!!
no request plugin is loaded, you will not be able to manage requests.
you may need to install the package for your language of choice, or simply load it with --plugin.
!!!!!!!!!!! END OF WARNING !!!!!!!!!!
gracefully (RE)spawned uWSGI master process (pid: 1484)
spawned uWSGI worker 1 (pid: 2018, cores: 1)
spawned uWSGI worker 2 (pid: 2019, cores: 1)
spawned uWSGI worker 3 (pid: 2020, cores: 1)
spawned uWSGI worker 4 (pid: 2021, cores: 1)
worker 1 buried after 1 seconds
worker 2 buried after 1 seconds
worker 3 buried after 1 seconds
worker 4 buried after 1 seconds
binary reloading uWSGI...
chdir() to /home/ubuntu/folio
closing all non-uwsgi socket fds > 2 (max_fd = 1024)...
found fd 3 mapped to socket 0 (/home/ubuntu/folio/app.sock)
running /usr/bin/uwsgi-core
[uWSGI] getting INI configuration from uwsgi.ini
*** Starting uWSGI 2.0.12-debian (64bit) on [Thu Jul 13 04:58:25 2017] ***
compiled with version: 5.3.1 20160412 on 13 April 2016 08:36:06
os: Linux-4.4.0-64-generic #85-Ubuntu SMP Mon Feb 20 11:50:30 UTC 2017
nodename: ip-172-31-29-136
machine: x86_64
clock source: unix
pcre jit disabled
detected number of CPU cores: 1
current working directory: /home/ubuntu/folio
detected binary path: /usr/bin/uwsgi-core
your processes number limit is 3906
your memory page size is 4096 bytes
detected max file descriptor number: 1024
lock engine: pthread robust mutexes
thunder lock: disabled (you can enable it with --thunder-lock)
uwsgi socket 0 inherited UNIX address /home/ubuntu/folio/app.sock fd 3
your server socket listen backlog is limited to 100 connections
your mercy for graceful operations on workers is 60 seconds
mapped 363840 bytes (355 KB) for 4 cores
*** Operational MODE: preforking ***
*** no app loaded. going in full dynamic mode ***
*** uWSGI is running in multiple interpreter mode ***
!!!!!!!!!!!!!! WARNING !!!!!!!!!!!!!!
no request plugin is loaded, you will not be able to manage requests.
you may need to install the package for your language of choice, or simply load it with --plugin.
!!!!!!!!!!! END OF WARNING !!!!!!!!!!
gracefully (RE)spawned uWSGI master process (pid: 1888)
spawned uWSGI worker 1 (pid: 2022, cores: 1)
spawned uWSGI worker 2 (pid: 2023, cores: 1)
spawned uWSGI worker 3 (pid: 2024, cores: 1)
spawned uWSGI worker 4 (pid: 2025, cores: 1)
*** Starting uWSGI 2.0.12-debian (64bit) on [Thu Jul 13 05:06:34 2017] ***
compiled with version: 5.3.1 20160412 on 13 April 2016 08:36:06
os: Linux-4.4.0-64-generic #85-Ubuntu SMP Mon Feb 20 11:50:30 UTC 2017
nodename: ip-172-31-29-136
machine: x86_64
clock source: unix
pcre jit disabled
detected number of CPU cores: 1
current working directory: /home/ubuntu/folio
detected binary path: /usr/bin/uwsgi-core
your processes number limit is 3906
your memory page size is 4096 bytes
detected max file descriptor number: 1024
lock engine: pthread robust mutexes
thunder lock: disabled (you can enable it with --thunder-lock)
uwsgi socket 0 bound to UNIX address /home/ubuntu/folio/app.sock fd 3
your server socket listen backlog is limited to 100 connections
your mercy for graceful operations on workers is 60 seconds
mapped 363840 bytes (355 KB) for 4 cores
*** Operational MODE: preforking ***
*** no app loaded. going in full dynamic mode ***
*** uWSGI is running in multiple interpreter mode ***
!!!!!!!!!!!!!! WARNING !!!!!!!!!!!!!!
no request plugin is loaded, you will not be able to manage requests.
you may need to install the package for your language of choice, or simply load it with --plugin.
!!!!!!!!!!! END OF WARNING !!!!!!!!!!
spawned uWSGI master process (pid: 1459)
spawned uWSGI worker 1 (pid: 1460, cores: 1)
spawned uWSGI worker 2 (pid: 1461, cores: 1)
spawned uWSGI worker 3 (pid: 1462, cores: 1)
spawned uWSGI worker 4 (pid: 1463, cores: 1)
-- unavailable modifier requested: 0 --
*** Starting uWSGI 2.0.12-debian (64bit) on [Thu Jul 13 05:16:41 2017] ***
compiled with version: 5.3.1 20160412 on 13 April 2016 08:36:06
os: Linux-4.4.0-64-generic #85-Ubuntu SMP Mon Feb 20 11:50:30 UTC 2017
nodename: ip-172-31-29-136
machine: x86_64
clock source: unix
pcre jit disabled
detected number of CPU cores: 1
current working directory: /home/ubuntu/folio
detected binary path: /usr/bin/uwsgi-core
your processes number limit is 3906
your memory page size is 4096 bytes
detected max file descriptor number: 1024
lock engine: pthread robust mutexes
thunder lock: disabled (you can enable it with --thunder-lock)
uwsgi socket 0 bound to UNIX address /home/ubuntu/folio/app.sock fd 3
your server socket listen backlog is limited to 100 connections
your mercy for graceful operations on workers is 60 seconds
mapped 363840 bytes (355 KB) for 4 cores
*** Operational MODE: preforking ***
*** no app loaded. going in full dynamic mode ***
*** uWSGI is running in multiple interpreter mode ***
!!!!!!!!!!!!!! WARNING !!!!!!!!!!!!!!
no request plugin is loaded, you will not be able to manage requests.
you may need to install the package for your language of choice, or simply load it with --plugin.
!!!!!!!!!!! END OF WARNING !!!!!!!!!!
spawned uWSGI master process (pid: 1543)
spawned uWSGI worker 1 (pid: 1544, cores: 1)
spawned uWSGI worker 2 (pid: 1545, cores: 1)
spawned uWSGI worker 3 (pid: 1546, cores: 1)
spawned uWSGI worker 4 (pid: 1547, cores: 1)
*** Starting uWSGI 2.0.12-debian (64bit) on [Thu Jul 13 05:21:09 2017] ***
compiled with version: 5.3.1 20160412 on 13 April 2016 08:36:06
os: Linux-4.4.0-64-generic #85-Ubuntu SMP Mon Feb 20 11:50:30 UTC 2017
nodename: ip-172-31-29-136
machine: x86_64
clock source: unix
pcre jit disabled
detected number of CPU cores: 1
current working directory: /home/ubuntu/folio
detected binary path: /usr/bin/uwsgi-core
your processes number limit is 3906
your memory page size is 4096 bytes
detected max file descriptor number: 1024
lock engine: pthread robust mutexes
thunder lock: disabled (you can enable it with --thunder-lock)
uwsgi socket 0 bound to UNIX address /home/ubuntu/folio/app.sock fd 3
your server socket listen backlog is limited to 100 connections
your mercy for graceful operations on workers is 60 seconds
mapped 363840 bytes (355 KB) for 4 cores
*** Operational MODE: preforking ***
*** no app loaded. going in full dynamic mode ***
*** uWSGI is running in multiple interpreter mode ***
!!!!!!!!!!!!!! WARNING !!!!!!!!!!!!!!
no request plugin is loaded, you will not be able to manage requests.
you may need to install the package for your language of choice, or simply load it with --plugin.
!!!!!!!!!!! END OF WARNING !!!!!!!!!!
spawned uWSGI master process (pid: 1618)
spawned uWSGI worker 1 (pid: 1619, cores: 1)
spawned uWSGI worker 2 (pid: 1620, cores: 1)
spawned uWSGI worker 3 (pid: 1621, cores: 1)
spawned uWSGI worker 4 (pid: 1622, cores: 1)
*** Starting uWSGI 2.0.12-debian (64bit) on [Thu Jul 13 05:31:26 2017] ***
compiled with version: 5.3.1 20160412 on 13 April 2016 08:36:06
os: Linux-4.4.0-64-generic #85-Ubuntu SMP Mon Feb 20 11:50:30 UTC 2017
nodename: ip-172-31-29-136
machine: x86_64
clock source: unix
pcre jit disabled
detected number of CPU cores: 1
current working directory: /home/ubuntu/folio
detected binary path: /usr/bin/uwsgi-core
chdir() to /home/ubuntu/folio
your processes number limit is 3906
your memory page size is 4096 bytes
detected max file descriptor number: 1024
lock engine: pthread robust mutexes
thunder lock: disabled (you can enable it with --thunder-lock)
uwsgi socket 0 bound to UNIX address /home/ubuntu/folio/app.sock fd 3
your server socket listen backlog is limited to 100 connections
your mercy for graceful operations on workers is 60 seconds
mapped 363840 bytes (355 KB) for 4 cores
*** Operational MODE: preforking ***
*** no app loaded. going in full dynamic mode ***
*** uWSGI is running in multiple interpreter mode ***
!!!!!!!!!!!!!! WARNING !!!!!!!!!!!!!!
no request plugin is loaded, you will not be able to manage requests.
you may need to install the package for your language of choice, or simply load it with --plugin.
!!!!!!!!!!! END OF WARNING !!!!!!!!!!
spawned uWSGI master process (pid: 1767)
spawned uWSGI worker 1 (pid: 1768, cores: 1)
spawned uWSGI worker 2 (pid: 1769, cores: 1)
spawned uWSGI worker 3 (pid: 1770, cores: 1)
spawned uWSGI worker 4 (pid: 1771, cores: 1)
*** Starting uWSGI 2.0.12-debian (64bit) on [Thu Jul 13 05:33:40 2017] ***
compiled with version: 5.3.1 20160412 on 13 April 2016 08:36:06
os: Linux-4.4.0-64-generic #85-Ubuntu SMP Mon Feb 20 11:50:30 UTC 2017
nodename: ip-172-31-29-136
machine: x86_64
clock source: unix
pcre jit disabled
detected number of CPU cores: 1
current working directory: /home/ubuntu/folio
detected binary path: /usr/bin/uwsgi-core
chdir() to /home/ubuntu/folio
your processes number limit is 3906
your memory page size is 4096 bytes
detected max file descriptor number: 1024
lock engine: pthread robust mutexes
thunder lock: disabled (you can enable it with --thunder-lock)
uwsgi socket 0 bound to UNIX address /home/ubuntu/folio/app.sock fd 3
your server socket listen backlog is limited to 100 connections
your mercy for graceful operations on workers is 60 seconds
mapped 363840 bytes (355 KB) for 4 cores
*** Operational MODE: preforking ***
*** no app loaded. going in full dynamic mode ***
*** uWSGI is running in multiple interpreter mode ***
!!!!!!!!!!!!!! WARNING !!!!!!!!!!!!!!
no request plugin is loaded, you will not be able to manage requests.
you may need to install the package for your language of choice, or simply load it with --plugin.
!!!!!!!!!!! END OF WARNING !!!!!!!!!!
spawned uWSGI master process (pid: 2362)
spawned uWSGI worker 1 (pid: 2363, cores: 1)
spawned uWSGI worker 2 (pid: 2364, cores: 1)
spawned uWSGI worker 3 (pid: 2365, cores: 1)
spawned uWSGI worker 4 (pid: 2366, cores: 1)
*** Starting uWSGI 2.0.15 (64bit) on [Thu Jul 13 05:44:39 2017] ***
compiled with version: 5.4.0 20160609 on 13 July 2017 05:33:09
os: Linux-4.4.0-64-generic #85-Ubuntu SMP Mon Feb 20 11:50:30 UTC 2017
nodename: ip-172-31-29-136
machine: x86_64
clock source: unix
detected number of CPU cores: 1
current working directory: /home/ubuntu/folio
detected binary path: /home/ubuntu/venv/bin/uwsgi
!!! no internal routing support, rebuild with pcre support !!!
your processes number limit is 3906
your memory page size is 4096 bytes
detected max file descriptor number: 1024
lock engine: pthread robust mutexes
thunder lock: disabled (you can enable it with --thunder-lock)
uwsgi socket 0 bound to UNIX address /home/ubuntu/folio/app.sock fd 3
Python version: 3.5.2 (default, Nov 17 2016, 17:05:23)  [GCC 5.4.0 20160609]
Set PythonHome to /home/ubuntu/venv
*** Python threads support is disabled. You can enable it with --enable-threads ***
Python main interpreter initialized at 0x219acb0
your server socket listen backlog is limited to 100 connections
your mercy for graceful operations on workers is 60 seconds
mapped 363800 bytes (355 KB) for 4 cores
*** Operational MODE: preforking ***
added /home/ubuntu/folio/ to pythonpath.
WSGI app 0 (mountpoint='') ready in 0 seconds on interpreter 0x219acb0 pid: 2490 (default app)
*** uWSGI is running in multiple interpreter mode ***
spawned uWSGI master process (pid: 2490)
spawned uWSGI worker 1 (pid: 2492, cores: 1)
spawned uWSGI worker 2 (pid: 2493, cores: 1)
spawned uWSGI worker 3 (pid: 2494, cores: 1)
spawned uWSGI worker 4 (pid: 2495, cores: 1)
[pid: 2492|app: 0|req: 1/1] 200.89.69.134 () {40 vars in 660 bytes} [Thu Jul 13 05:44:57 2017] GET /admin/ => generated 0 bytes in 48 msecs (HTTP/1.1 302) 7 headers in 265 bytes (1 switches on core 0)
[pid: 2495|app: 0|req: 1/2] 200.89.69.134 () {38 vars in 666 bytes} [Thu Jul 13 05:44:58 2017] GET /admin/login/?next=/admin/ => generated 1650 bytes in 125 msecs (HTTP/1.1 200) 7 headers in 381 bytes (1 switches on core 0)
Not Found: /static/admin/css/base.css
[pid: 2492|app: 0|req: 2/3] 200.89.69.134 () {40 vars in 739 bytes} [Thu Jul 13 05:44:58 2017] GET /static/admin/css/base.css => generated 2003 bytes in 5 msecs (HTTP/1.1 404) 3 headers in 102 bytes (1 switches on core 0)
Not Found: /static/admin/css/login.css
[pid: 2493|app: 0|req: 1/4] 200.89.69.134 () {40 vars in 741 bytes} [Thu Jul 13 05:44:59 2017] GET /static/admin/css/login.css => generated 2006 bytes in 12 msecs (HTTP/1.1 404) 3 headers in 102 bytes (1 switches on core 0)
*** Starting uWSGI 2.0.15 (64bit) on [Thu Jul 13 05:48:00 2017] ***
compiled with version: 5.4.0 20160609 on 13 July 2017 05:33:09
os: Linux-4.4.0-64-generic #85-Ubuntu SMP Mon Feb 20 11:50:30 UTC 2017
nodename: ip-172-31-29-136
machine: x86_64
clock source: unix
detected number of CPU cores: 1
current working directory: /home/ubuntu/folio
detected binary path: /home/ubuntu/venv/bin/uwsgi
!!! no internal routing support, rebuild with pcre support !!!
your processes number limit is 3906
your memory page size is 4096 bytes
detected max file descriptor number: 1024
lock engine: pthread robust mutexes
thunder lock: disabled (you can enable it with --thunder-lock)
uwsgi socket 0 bound to UNIX address /home/ubuntu/folio/app.sock fd 3
Python version: 3.5.2 (default, Nov 17 2016, 17:05:23)  [GCC 5.4.0 20160609]
Set PythonHome to /home/ubuntu/venv
*** Python threads support is disabled. You can enable it with --enable-threads ***
Python main interpreter initialized at 0xb44cb0
your server socket listen backlog is limited to 100 connections
your mercy for graceful operations on workers is 60 seconds
mapped 363800 bytes (355 KB) for 4 cores
*** Operational MODE: preforking ***
added /home/ubuntu/folio/ to pythonpath.
WSGI app 0 (mountpoint='') ready in 1 seconds on interpreter 0xb44cb0 pid: 2567 (default app)
*** uWSGI is running in multiple interpreter mode ***
spawned uWSGI master process (pid: 2567)
spawned uWSGI worker 1 (pid: 2569, cores: 1)
spawned uWSGI worker 2 (pid: 2570, cores: 1)
spawned uWSGI worker 3 (pid: 2571, cores: 1)
spawned uWSGI worker 4 (pid: 2572, cores: 1)
[pid: 2571|app: 0|req: 1/1] 200.89.69.134 () {42 vars in 786 bytes} [Thu Jul 13 05:48:04 2017] GET /admin/login/?next=/admin/ => generated 1650 bytes in 45 msecs (HTTP/1.1 200) 7 headers in 381 bytes (1 switches on core 0)
